This file contains any messages produced by compilers while
running configure, to aid debugging if configure makes a mistake.

It was created by configure, which was
generated by GNU Autoconf 2.52.  Invocation command line was

  $ configure 

## ---------- ##
## Platform.  ##
## ---------- ##

hostname = zz-PC
uname -m = x86_64
uname -r = 5.10.60-amd64-desktop
uname -s = Linux
uname -v = #1 SMP Fri Oct 8 10:24:07 CST 2021

/usr/bin/uname -p = unknown
/bin/uname -X     = unknown

/bin/arch              = x86_64
/usr/bin/arch -k       = unknown
/usr/convex/getsysinfo = unknown
hostinfo               = unknown
/bin/machine           = unknown
/usr/bin/oslevel       = unknown
/bin/universe          = unknown

PATH = /usr/local/bin:/usr/bin:/bin:/usr/local/games:/usr/games:/sbin:/usr/sbin

## ------------ ##
## Core tests.  ##
## ------------ ##

configure:972: PATH=".;."; conftest.sh
configure: 973: conftest.sh: not found
configure:975: $? = 127
configure:1026: checking for a BSD compatible install
configure:1075: result: /usr/bin/install -c
configure:1086: checking whether build environment is sane
configure:1129: result: yes
configure:1144: checking whether make sets ${MAKE}
configure:1164: result: yes
configure:1192: checking for working aclocal
configure:1203: result: missing
configure:1207: checking for working autoconf
configure:1218: result: missing
configure:1222: checking for working automake
configure:1233: result: missing
configure:1237: checking for working autoheader
configure:1248: result: missing
configure:1252: checking for working makeinfo
configure:1263: result: missing
configure:1314: checking for gcc
configure:1329: found /usr/bin/gcc
configure:1337: result: gcc
configure:1565: checking for C compiler version
configure:1568: gcc --version </dev/null >&5
gcc (Debian 10.2.1-6) 10.2.1 20210110
Copyright (C) 2020 Free Software Foundation, Inc.
This is free software; see the source for copying conditions.  There is NO
warranty; not even for MERCHANTABILITY or FITNESS FOR A PARTICULAR PURPOSE.

configure:1571: $? = 0
configure:1573: gcc -v </dev/null >&5
Using built-in specs.
COLLECT_GCC=gcc
COLLECT_LTO_WRAPPER=/usr/lib/gcc/x86_64-linux-gnu/10/lto-wrapper
OFFLOAD_TARGET_NAMES=nvptx-none:amdgcn-amdhsa:hsa
OFFLOAD_TARGET_DEFAULT=1
Target: x86_64-linux-gnu
Configured with: ../src/configure -v --with-pkgversion='Debian 10.2.1-6' --with-bugurl=file:///usr/share/doc/gcc-10/README.Bugs --enable-languages=c,ada,c++,go,brig,d,fortran,objc,obj-c++,m2 --prefix=/usr --with-gcc-major-version-only --program-suffix=-10 --program-prefix=x86_64-linux-gnu- --enable-shared --enable-linker-build-id --libexecdir=/usr/lib --without-included-gettext --enable-threads=posix --libdir=/usr/lib --enable-nls --enable-bootstrap --enable-clocale=gnu --enable-libstdcxx-debug --enable-libstdcxx-time=yes --with-default-libstdcxx-abi=new --enable-gnu-unique-object --disable-vtable-verify --enable-plugin --enable-default-pie --with-system-zlib --enable-libphobos-checking=release --with-target-system-zlib=auto --enable-objc-gc=auto --enable-multiarch --disable-werror --with-arch-32=i686 --with-abi=m64 --with-multilib-list=m32,m64,mx32 --enable-multilib --with-tune=generic --enable-offload-targets=nvptx-none=/build/gcc-10-Km9U7s/gcc-10-10.2.1/debian/tmp-nvptx/usr,amdgcn-amdhsa=/build/gcc-10-Km9U7s/gcc-10-10.2.1/debian/tmp-gcn/usr,hsa --without-cuda-driver --enable-checking=release --build=x86_64-linux-gnu --host=x86_64-linux-gnu --target=x86_64-linux-gnu --with-build-config=bootstrap-lto-lean --enable-link-mutex
Thread model: posix
Supported LTO compression algorithms: zlib zstd
gcc version 10.2.1 20210110 (Debian 10.2.1-6) 
configure:1576: $? = 0
configure:1578: gcc -V </dev/null >&5
gcc: error: unrecognized command-line option '-V'
gcc: fatal error: no input files
compilation terminated.
configure:1581: $? = 1
configure:1601: checking for C compiler default output
configure:1604: gcc    conftest.c  >&5
configure:1607: $? = 0
configure:1636: result: a.out
configure:1641: checking whether the C compiler works
configure:1647: ./a.out
configure:1650: $? = 0
configure:1665: result: yes
configure:1672: checking whether we are cross compiling
configure:1674: result: no
configure:1677: checking for executable suffix
configure:1679: gcc -o conftest    conftest.c  >&5
configure:1682: $? = 0
configure:1704: result: 
configure:1710: checking for object suffix
configure:1728: gcc -c   conftest.c >&5
configure:1731: $? = 0
configure:1750: result: o
configure:1754: checking whether we are using the GNU C compiler
configure:1775: gcc -c   conftest.c >&5
configure:1778: $? = 0
configure:1781: test -s conftest.o
configure:1784: $? = 0
configure:1796: result: yes
configure:1802: checking whether gcc accepts -g
configure:1820: gcc -c -g  conftest.c >&5
configure:1823: $? = 0
configure:1826: test -s conftest.o
configure:1829: $? = 0
configure:1839: result: yes
configure:1866: gcc -c -g -O2  conftest.c >&5
conftest.c:2:3: error: unknown type name 'choke'
    2 |   choke me
      |   ^~~~~
conftest.c:2:3: error: expected '=', ',', ';', 'asm' or '__attribute__' at end of input
configure:1869: $? = 1
configure: failed program was:
#ifndef __cplusplus
  choke me
#endif
configure:1967: checking for gcc option to accept ANSI C
configure:2026: gcc  -c -g -O2  conftest.c >&5
configure:2029: $? = 0
configure:2032: test -s conftest.o
configure:2035: $? = 0
configure:2049: result: none needed
configure:2071: checking for special C compiler options needed for large files
configure:2145: result: no
configure:2151: checking for _FILE_OFFSET_BITS value needed for large files
configure:2179: gcc -c -Wall -g -O2  conftest.c >&5
configure:2182: $? = 0
configure:2185: test -s conftest.o
configure:2188: $? = 0
configure:2238: result: no
configure:2248: checking for _LARGE_FILES value needed for large files
configure:2276: gcc -c -Wall -g -O2  conftest.c >&5
configure:2279: $? = 0
configure:2282: test -s conftest.o
configure:2285: $? = 0
configure:2335: result: no
configure:2352: checking how to run the C preprocessor
configure:2378: gcc -E  conftest.c
configure:2384: $? = 0
configure:2411: gcc -E  conftest.c
configure:2408:10: fatal error: ac_nonexistent.h: No such file or directory
 2408 | #include "confdefs.h"
      |          ^~~~~~~~~~~~      
compilation terminated.
configure:2417: $? = 1
configure: failed program was:
#line 2407 "configure"
#include "confdefs.h"
#include <ac_nonexistent.h>
configure:2454: result: gcc -E
configure:2469: gcc -E  conftest.c
configure:2475: $? = 0
configure:2502: gcc -E  conftest.c
configure:2499:10: fatal error: ac_nonexistent.h: No such file or directory
 2499 | #include "confdefs.h"
      |          ^~~~~~~~~~~~      
compilation terminated.
configure:2508: $? = 1
configure: failed program was:
#line 2498 "configure"
#include "confdefs.h"
#include <ac_nonexistent.h>
configure:2551: checking for ln
configure:2566: found /usr/bin/ln
configure:2574: result: ln
configure:2587: checking for sys/resource.h
configure:2597: gcc -E  conftest.c
configure:2603: $? = 0
configure:2622: result: yes
configure:2587: checking for sys/time.h
configure:2597: gcc -E  conftest.c
configure:2603: $? = 0
configure:2622: result: yes
configure:2587: checking for sys/types.h
configure:2597: gcc -E  conftest.c
configure:2603: $? = 0
configure:2622: result: yes
configure:2587: checking for unistd.h
configure:2597: gcc -E  conftest.c
configure:2603: $? = 0
configure:2622: result: yes
configure:2635: checking for dirent.h that defines DIR
configure:2656: gcc -c -Wall -g -O2  conftest.c >&5
configure:2659: $? = 0
configure:2662: test -s conftest.o
configure:2665: $? = 0
configure:2675: result: yes
configure:2688: checking for opendir in -ldir
configure:2715: gcc -o conftest -Wall -g -O2   conftest.c -ldir   >&5
/usr/bin/ld: cannot find -ldir
collect2: error: ld returned 1 exit status
configure:2718: $? = 1
configure: failed program was:
#line 2696 "configure"
#include "confdefs.h"

/* Override any gcc2 internal prototype to avoid an error.  */
#ifdef __cplusplus
extern "C"
#endif
/* We use char because int might match the return type of a gcc2
   builtin and then its argument prototype would still apply.  */
char opendir ();
int
main ()
{
opendir ();
  ;
  return 0;
}
configure:2735: result: no
configure:2797: checking for ANSI C header files
configure:2811: gcc -E  conftest.c
configure:2817: $? = 0
configure:2904: gcc -o conftest -Wall -g -O2   conftest.c  >&5
configure: In function 'main':
configure:2896:7: warning: implicit declaration of function 'exit' [-Wimplicit-function-declaration]
 2896 |   for (i = 0; i < 256; i++)
      |       ^~~~
configure:2896:7: warning: incompatible implicit declaration of built-in function 'exit'
configure:2880:1: note: include '<stdlib.h>' or provide a declaration of 'exit'
 2879 | #include "confdefs.h"
  +++ |+#include <stdlib.h>
 2880 | #include <ctype.h>
configure:2897:3: warning: incompatible implicit declaration of built-in function 'exit'
 2897 |     if (XOR (islower (i), ISLOWER (i))
      |   ^ ~~
configure:2897:3: note: include '<stdlib.h>' or provide a declaration of 'exit'
configure:2907: $? = 0
configure:2909: ./conftest
configure:2912: $? = 0
configure:2925: result: yes
configure:2935: checking for sys/wait.h that is POSIX.1 compatible
configure:2963: gcc -c -Wall -g -O2  conftest.c >&5
configure:2966: $? = 0
configure:2969: test -s conftest.o
configure:2972: $? = 0
configure:2982: result: yes
configure:2992: checking for uid_t in sys/types.h
configure:3012: result: yes
configure:3026: checking type of array argument to getgroups
configure:3061: gcc -o conftest -Wall -g -O2   conftest.c  >&5
configure: In function 'main':
configure:3052:7: warning: implicit declaration of function 'getgroups' [-Wimplicit-function-declaration]
 3052 |     gidset[i] = val.gval;
      |       ^~~~~~~~~
configure:3056:3: warning: implicit declaration of function 'exit' [-Wimplicit-function-declaration]
 3056 |      happens when gid_t is short but getgroups modifies an array of ints.  */
      |   ^  ~
configure:3056:3: warning: incompatible implicit declaration of built-in function 'exit'
configure:3038:1: note: include '<stdlib.h>' or provide a declaration of 'exit'
 3037 | /* Thanks to Mike Rendell for this test.  */
  +++ |+#include <stdlib.h>
 3038 | #include <sys/types.h>
configure:3064: $? = 0
configure:3066: ./conftest
configure:3069: $? = 0
configure:3097: result: gid_t
configure:3110: checking for sys/types.h
configure:3141: result: yes
configure:3110: checking for sys/stat.h
configure:3122: gcc -c -Wall -g -O2  conftest.c >&5
configure:3125: $? = 0
configure:3128: test -s conftest.o
configure:3131: $? = 0
configure:3141: result: yes
configure:3110: checking for stdlib.h
configure:3122: gcc -c -Wall -g -O2  conftest.c >&5
configure:3125: $? = 0
configure:3128: test -s conftest.o
configure:3131: $? = 0
configure:3141: result: yes
configure:3110: checking for string.h
configure:3122: gcc -c -Wall -g -O2  conftest.c >&5
configure:3125: $? = 0
configure:3128: test -s conftest.o
configure:3131: $? = 0
configure:3141: result: yes
configure:3110: checking for memory.h
configure:3122: gcc -c -Wall -g -O2  conftest.c >&5
configure:3125: $? = 0
configure:3128: test -s conftest.o
configure:3131: $? = 0
configure:3141: result: yes
configure:3110: checking for strings.h
configure:3122: gcc -c -Wall -g -O2  conftest.c >&5
configure:3125: $? = 0
configure:3128: test -s conftest.o
configure:3131: $? = 0
configure:3141: result: yes
configure:3110: checking for inttypes.h
configure:3122: gcc -c -Wall -g -O2  conftest.c >&5
configure:3125: $? = 0
configure:3128: test -s conftest.o
configure:3131: $? = 0
configure:3141: result: yes
configure:3110: checking for stdint.h
configure:3122: gcc -c -Wall -g -O2  conftest.c >&5
configure:3125: $? = 0
configure:3128: test -s conftest.o
configure:3131: $? = 0
configure:3141: result: yes
configure:3110: checking for unistd.h
configure:3141: result: yes
configure:3151: checking for pid_t
configure:3172: gcc -c -Wall -g -O2  conftest.c >&5
configure:3175: $? = 0
configure:3178: test -s conftest.o
configure:3181: $? = 0
configure:3191: result: yes
configure:3203: checking for size_t
configure:3224: gcc -c -Wall -g -O2  conftest.c >&5
configure:3227: $? = 0
configure:3230: test -s conftest.o
configure:3233: $? = 0
configure:3243: result: yes
configure:3255: checking for uid_t in sys/types.h
configure:3275: result: yes
configure:3289: checking for ssize_t
configure:3310: gcc -c -Wall -g -O2  conftest.c >&5
configure:3313: $? = 0
configure:3316: test -s conftest.o
configure:3319: $? = 0
configure:3329: result: yes
configure:3344: checking for getgroups
configure:3381: gcc -o conftest -Wall -g -O2   conftest.c  >&5
configure:3384: $? = 0
configure:3387: test -s conftest
configure:3390: $? = 0
configure:3400: result: yes
configure:3344: checking for setpgrp
configure:3381: gcc -o conftest -Wall -g -O2   conftest.c  >&5
configure:3384: $? = 0
configure:3387: test -s conftest
configure:3390: $? = 0
configure:3400: result: yes
configure:3344: checking for setrlimit
configure:3381: gcc -o conftest -Wall -g -O2   conftest.c  >&5
configure:3384: $? = 0
configure:3387: test -s conftest
configure:3390: $? = 0
configure:3400: result: yes
configure:3410: checking for POSIX getgroups
configure:3430: gcc -o conftest -Wall -g -O2   conftest.c  >&5
configure:3433: $? = 0
configure:3435: ./conftest
configure:3438: $? = 0
configure:3450: result: yes
configure:3459: checking for sigsetjmp
configure:3482: gcc -o conftest -Wall -g -O2   conftest.c  >&5
configure:3485: $? = 0
configure:3488: test -s conftest
configure:3491: $? = 0
configure:3501: result: yes
configure:3510: checking whether setpgrp takes no argument
configure:3538: gcc -o conftest -Wall -g -O2   conftest.c  >&5
configure: In function 'main':
configure:3531:3: warning: implicit declaration of function 'exit' [-Wimplicit-function-declaration]
 3531 |    successfully.  */
      |   ^~~~
configure:3531:3: warning: incompatible implicit declaration of built-in function 'exit'
configure:3524:1: note: include '<stdlib.h>' or provide a declaration of 'exit'
 3523 | #if HAVE_UNISTD_H
  +++ |+#include <stdlib.h>
 3524 | # include <unistd.h>
configure:3531:9: error: too many arguments to function 'setpgrp'
 3531 |    successfully.  */
      |         ^~~~~~~
In file included from configure:3523:
/usr/include/unistd.h:664:12: note: declared here
  664 | extern int setpgrp (void) __THROW;
      |            ^~~~~~~
configure:3541: $? = 1
configure: program exited with status 1
configure: failed program was:
#line 3521 "configure"
#include "confdefs.h"
#if HAVE_UNISTD_H
# include <unistd.h>
#endif

int
main ()
{
/* If this system has a BSD-style setpgrp, which takes arguments, exit
   successfully.  */
  exit (setpgrp (1,1) == -1);
  ;
  return 0;
}
configure:3558: result: yes
configure:3568: checking for strerror
configure:3590: gcc -o conftest -Wall -g -O2   conftest.c  >&5
configure:3593: $? = 0
configure:3596: test -s conftest
configure:3599: $? = 0
configure:3609: result: yes
configure:3618: checking if _KERNEL is required for RLIMIT defines
configure:3642: gcc -c -Wall -g -O2  conftest.c >&5
configure: In function 'main':
configure:3633:5: warning: variable 'f' set but not used [-Wunused-but-set-variable]
 3633 | 
      |     ^
configure:3645: $? = 0
configure:3648: test -s conftest.o
configure:3651: $? = 0
configure:3699: result: no
configure:3708: checking for rlim_t
configure:3733: result: yes
configure:3855: checking for sig_atomic_t
configure:3875: result: yes
configure:3884: checking for sigaction and SA_INTERRUPT
configure:3908: gcc -c -Wall -g -O2  conftest.c >&5
configure: In function 'main':
configure:3898:18: warning: variable 'foo' set but not used [-Wunused-but-set-variable]
 3898 | 
      |                  ^  
configure:3911: $? = 0
configure:3914: test -s conftest.o
configure:3917: $? = 0
configure:3929: result: yes
configure:4083: checking for SysV SIGCLD semantics
configure:4117: gcc -o conftest -Wall -g -O2   conftest.c  >&5
configure:4120: $? = 0
configure:4122: ./conftest
configure:4125: $? = 0
configure:4137: result: yes
configure:4146: checking whether #! works in shell scripts
configure:4163: result: yes
configure:4182: checking for /dev/fd
configure:4196: result: yes
configure:4425: checking extant directories for default path
configure:4442: result: "/usr/local/bin","/usr/bin","/bin","."
configure:4964: creating ./config.status

## ----------------------- ##
## Running config.status.  ##
## ----------------------- ##

This file was extended by config.status 2.52, executed with
  CONFIG_FILES    = 
  CONFIG_HEADERS  = 
  CONFIG_LINKS    = 
  CONFIG_COMMANDS = 
  > ./config.status 
on zz-PC

config.status:5431: creating Makefile
config.status:5523: creating config.h

## ----------------- ##
## Cache variables.  ##
## ----------------- ##

ac_cv_c_compiler_gnu='yes'
ac_cv_env_CC_set=''
ac_cv_env_CC_value=''
ac_cv_env_CFLAGS_set=''
ac_cv_env_CFLAGS_value=''
ac_cv_env_CPPFLAGS_set=''
ac_cv_env_CPPFLAGS_value=''
ac_cv_env_CPP_set=''
ac_cv_env_CPP_value=''
ac_cv_env_LDFLAGS_set=''
ac_cv_env_LDFLAGS_value=''
ac_cv_env_build_alias_set=''
ac_cv_env_build_alias_value=''
ac_cv_env_host_alias_set=''
ac_cv_env_host_alias_value=''
ac_cv_env_target_alias_set=''
ac_cv_env_target_alias_value=''
ac_cv_func_getgroups='yes'
ac_cv_func_setpgrp='yes'
ac_cv_func_setpgrp_void='yes'
ac_cv_func_setrlimit='yes'
ac_cv_header_dirent_dirent_h='yes'
ac_cv_header_inttypes_h='yes'
ac_cv_header_memory_h='yes'
ac_cv_header_stdc='yes'
ac_cv_header_stdint_h='yes'
ac_cv_header_stdlib_h='yes'
ac_cv_header_string_h='yes'
ac_cv_header_strings_h='yes'
ac_cv_header_sys_resource_h='yes'
ac_cv_header_sys_stat_h='yes'
ac_cv_header_sys_time_h='yes'
ac_cv_header_sys_types_h='yes'
ac_cv_header_sys_wait_h='yes'
ac_cv_header_unistd_h='yes'
ac_cv_lib_dir_opendir='no'
ac_cv_objext='o'
ac_cv_path_install='/usr/bin/install -c'
ac_cv_prog_CPP='gcc -E'
ac_cv_prog_LN='ln'
ac_cv_prog_ac_ct_CC='gcc'
ac_cv_prog_cc_g='yes'
ac_cv_prog_make_make_set='yes'
ac_cv_sys_file_offset_bits='no'
ac_cv_sys_interpreter='yes'
ac_cv_sys_large_files='no'
ac_cv_sys_largefile_CC='no'
ac_cv_type_getgroups='gid_t'
ac_cv_type_pid_t='yes'
ac_cv_type_size_t='yes'
ac_cv_type_ssize_t='yes'
ac_cv_type_uid_t='yes'
am_cv_prog_cc_stdc=''
rc_cv_def_path='"/usr/local/bin","/usr/bin","/bin","."'
rc_cv_func_posix_getgroups='yes'
rc_cv_have_rlim_t='yes'
rc_cv_kernel_rlimit='no'
rc_cv_sa_int='yes'
rc_cv_sig_atomic_t='yes'
rc_cv_sigsetjmp='yes'
rc_cv_strerror='yes'
rc_cv_sys_dev_fd='yes'
rc_cv_sysv_sigcld='yes'

## ------------ ##
## confdefs.h.  ##
## ------------ ##

#define RELDATE "2002-06-18"
#define PACKAGE "rc"
#define VERSION "1.7"
#define HAVE_SYS_RESOURCE_H 1
#define HAVE_SYS_TIME_H 1
#define HAVE_SYS_TYPES_H 1
#define HAVE_UNISTD_H 1
#define HAVE_DIRENT_H 1
#define STDC_HEADERS 1
#define HAVE_SYS_WAIT_H 1
#define GETGROUPS_T gid_t
#define HAVE_SYS_TYPES_H 1
#define HAVE_SYS_STAT_H 1
#define HAVE_STDLIB_H 1
#define HAVE_STRING_H 1
#define HAVE_MEMORY_H 1
#define HAVE_STRINGS_H 1
#define HAVE_INTTYPES_H 1
#define HAVE_STDINT_H 1
#define HAVE_UNISTD_H 1
#define HAVE_GETGROUPS 1
#define HAVE_SETPGRP 1
#define HAVE_SETRLIMIT 1
#define HAVE_POSIX_GETGROUPS 1
#define HAVE_SIGSETJMP 1
#define SETPGRP_VOID 1
#define HAVE_STRERROR 1
#define HAVE_RLIM_T 1
#define HAVE_SA_INTERRUPT 1
#define HAVE_SYSV_SIGCLD 1
#define HASH_BANG 1
#define HAVE_DEV_FD 1
#define RC_ECHO 1
#define RC_JOB 1
#define PROTECT_ENV 1
#define DEFAULTINTERP "/bin/sh"
#define DEFAULTPATH "/usr/local/bin","/usr/bin","/bin","."


configure: exit 0
